<?xml version="1.0" encoding="UTF-8"?>
<testsuite xmlns:xsi="http://www.w3.org/2001/XMLSchema-instance" xsi:noNamespaceSchemaLocation="https://maven.apache.org/surefire/maven-surefire-plugin/xsd/surefire-test-report.xsd" version="3.0.2" name="com.miniredis.integration.RedisTcpConcurrencyTest" time="0.111" tests="1" errors="0" skipped="0" failures="0">
  <properties>
[...]
</properties>
  <testcase name="concurrentTcpIncrementsShouldBeCorrect" classname="com.miniredis.integration.RedisTcpConcurrencyTest" time="0.105">
    <system-out><![CDATA[Mini Redis server started on : 6380
Client Connected /127.0.0.1:59285
Client Connected /127.0.0.1:59286
Client Connected /127.0.0.1:59284
Client Connected /127.0.0.1:59287
Client Connected /127.0.0.1:59288
Client Connected /127.0.0.1:59289
Client Connected /127.0.0.1:59290
Client Connected /127.0.0.1:59291
Client Connected /127.0.0.1:59293
Client Connected /127.0.0.1:59292
Client Connected /127.0.0.1:59296
Client Connected /127.0.0.1:59295
Request INCR
Client Connected /127.0.0.1:59294
Client Connected /127.0.0.1:59297
Request INCR
Client Connected /127.0.0.1:59298
Client Connected /127.0.0.1:59299
Client Connected /127.0.0.1:59301
Client Connected /127.0.0.1:59300
Client Disconnected
Client Connected /127.0.0.1:59302
Request INCR
Client Connected /127.0.0.1:59303
Client Disconnected
Request INCR
Client Connected /127.0.0.1:59304
Request INCR
Request INCR
Client Disconnected
Client Disconnected
Request INCR
Request INCR
Client Connected /127.0.0.1:59305
Client Disconnected
Request INCR
Client Connected /127.0.0.1:59306
Client Disconnected
Client Connected /127.0.0.1:59307
Client Disconnected
Request INCR
Request INCR
Client Connected /127.0.0.1:59308
Client Disconnected
Client Connected /127.0.0.1:59309
Client Disconnected
Request INCR
Request INCR
Client Disconnected
Client Disconnected
Client Connected /127.0.0.1:59310
Request INCR
Client Disconnected
Client Connected /127.0.0.1:59311
Request INCR
Request INCR
Client Disconnected
Client Disconnected
Client Connected /127.0.0.1:59313
Request INCR
Client Connected /127.0.0.1:59312
Client Disconnected
Request INCR
Client Connected /127.0.0.1:59314
Request INCR
Client Disconnected
Client Disconnected
Request INCR
Client Connected /127.0.0.1:59315
Request INCR
Client Connected /127.0.0.1:59317
Client Disconnected
Client Connected /127.0.0.1:59316
Client Disconnected
Request INCR
Client Connected /127.0.0.1:59318
Request INCR
Client Disconnected
Client Connected /127.0.0.1:59319
Request INCR
Client Connected /127.0.0.1:59321
Client Disconnected
Client Disconnected
Client Connected /127.0.0.1:59320
Request INCR
Client Connected /127.0.0.1:59322
Client Disconnected
Client Connected /127.0.0.1:59323
Request INCR
Request INCR
Client Connected /127.0.0.1:59324
Client Disconnected
Client Connected /127.0.0.1:59325
Request INCR
Client Disconnected
Client Disconnected
Client Connected /127.0.0.1:59326
Request INCR
Request INCR
Client Connected /127.0.0.1:59327
Client Disconnected
Client Disconnected
Request INCR
Client Connected /127.0.0.1:59328
Request INCR
Client Connected /127.0.0.1:59329
Client Disconnected
Client Connected /127.0.0.1:59330
Client Disconnected
Client Disconnected
Client Connected /127.0.0.1:59331
Request INCR
Request INCR
Client Connected /127.0.0.1:59333
Request INCR
Client Connected /127.0.0.1:59332
Client Connected /127.0.0.1:59334
Client Disconnected
Client Disconnected
Request INCR
Request INCR
Client Disconnected
Client Connected /127.0.0.1:59335
Request INCR
Client Disconnected
Client Connected /127.0.0.1:59336
Client Disconnected
Request INCR
Client Connected /127.0.0.1:59337
Client Disconnected
Request INCR
Client Disconnected
Request INCR
Request INCR
Client Disconnected
Client Connected /127.0.0.1:59338
Client Disconnected
Request INCR
Client Connected /127.0.0.1:59339
Request INCR
Client Disconnected
Client Disconnected
Request INCR
Client Disconnected
Request INCR
Client Disconnected
Client Connected /127.0.0.1:59340
Request INCR
Client Connected /127.0.0.1:59341
Request INCR
Client Disconnected
Client Disconnected
Request INCR
Request INCR
Client Disconnected
Client Connected /127.0.0.1:59342
Request INCR
Client Disconnected
Request INCR
Client Disconnected
Client Disconnected
Client Connected /127.0.0.1:59343
Request INCR
Request INCR
Client Connected /127.0.0.1:59344
Client Disconnected
Client Connected /127.0.0.1:59345
Request INCR
Client Disconnected
Request INCR
Client Disconnected
Client Disconnected
Request INCR
Client Disconnected
Request INCR
Request INCR
Client Connected /127.0.0.1:59346
Client Connected /127.0.0.1:59349
Client Disconnected
Request INCR
Client Disconnected
Client Disconnected
Client Connected /127.0.0.1:59350
Request INCR
Client Disconnected
Request INCR
Request INCR
Client Disconnected
Client Connected /127.0.0.1:59351
Request INCR
Client Connected /127.0.0.1:59352
Client Disconnected
Request INCR
Client Disconnected
Client Disconnected
Client Connected /127.0.0.1:59348
Request INCR
Request INCR
Client Connected /127.0.0.1:59353
Client Disconnected
Client Connected /127.0.0.1:59354
Client Disconnected
Client Disconnected
Request INCR
Client Connected /127.0.0.1:59355
Request INCR
Request INCR
Client Disconnected
Client Disconnected
Request INCR
Client Disconnected
Client Disconnected
Client Connected /127.0.0.1:59347
Client Disconnected
Request INCR
Client Connected /127.0.0.1:59357
Client Connected /127.0.0.1:59356
Request INCR
Client Disconnected
Request INCR
Client Disconnected
Client Connected /127.0.0.1:59358
Client Disconnected
Request INCR
Client Connected /127.0.0.1:59359
Client Disconnected
Request INCR
Client Connected /127.0.0.1:59360
Request INCR
Client Disconnected
Client Connected /127.0.0.1:59361
Request INCR
Client Connected /127.0.0.1:59362
Client Disconnected
Request INCR
Client Disconnected
Client Connected /127.0.0.1:59363
Client Disconnected
Request INCR
Client Connected /127.0.0.1:59364
Request INCR
Client Disconnected
Client Connected /127.0.0.1:59365
Request INCR
Client Disconnected
Client Connected /127.0.0.1:59367
Client Connected /127.0.0.1:59366
Client Disconnected
Request INCR
Request INCR
Client Connected /127.0.0.1:59368
Client Connected /127.0.0.1:59369
Request INCR
Client Disconnected
Client Connected /127.0.0.1:59370
Request INCR
Request INCR
Client Disconnected
Client Connected /127.0.0.1:59371
Client Disconnected
Client Disconnected
Client Disconnected
Client Connected /127.0.0.1:59373
Request INCR
Request INCR
Client Disconnected
Client Connected /127.0.0.1:59372
Client Disconnected
Client Connected /127.0.0.1:59374
Request INCR
Client Connected /127.0.0.1:59375
Request INCR
Client Connected /127.0.0.1:59376
Request INCR
Client Disconnected
Client Connected /127.0.0.1:59377
Request INCR
Client Disconnected
Client Connected /127.0.0.1:59378
Request INCR
Client Disconnected
Client Connected /127.0.0.1:59379
Client Disconnected
Request INCR
Client Disconnected
Request INCR
Client Connected /127.0.0.1:59380
Client Disconnected
Client Connected /127.0.0.1:59381
Request INCR
Client Disconnected
Request INCR
Client Connected /127.0.0.1:59382
Client Disconnected
Client Connected /127.0.0.1:59383
Request INCR
Client Disconnected
Request INCR
Client Disconnected
Client Disconnected
Client Connected /127.0.0.1:59384
Request GET
Client Disconnected
Mini Redis server stopped
]]></system-out>
  </testcase>
</testsuite>