<?xml version="1.0" encoding="UTF-8"?>
<testsuite xmlns:xsi="http://www.w3.org/2001/XMLSchema-instance" xsi:noNamespaceSchemaLocation="https://maven.apache.org/surefire/maven-surefire-plugin/xsd/surefire-test-report.xsd" version="3.0.2" name="com.miniredis.integration.RedisTcpConcurrencyTest" time="0.087" tests="1" errors="0" skipped="0" failures="0">
  <properties>
[...]
</properties>
  <testcase name="concurrentTcpIncrementsShouldBeCorrect" classname="com.miniredis.integration.RedisTcpConcurrencyTest" time="0.083">
    <system-out><![CDATA[Mini Redis server started on : 6380
Client Connected /127.0.0.1:55694
Client Connected /127.0.0.1:55693
Client Connected /127.0.0.1:55695
Client Connected /127.0.0.1:55696
Client Connected /127.0.0.1:55697
Client Connected /127.0.0.1:55698
Client Connected /127.0.0.1:55699
Client Connected /127.0.0.1:55700
Client Connected /127.0.0.1:55701
Client Connected /127.0.0.1:55702
Client Connected /127.0.0.1:55703
Client Connected /127.0.0.1:55704
Client Connected /127.0.0.1:55705
Client Connected /127.0.0.1:55706
Client Connected /127.0.0.1:55707
Client Connected /127.0.0.1:55708
Client Connected /127.0.0.1:55709
Request INCR
Client Connected /127.0.0.1:55710
Client Connected /127.0.0.1:55712
Client Connected /127.0.0.1:55711
Request INCR
Request INCR
Request INCR
Client Disconnected
Client Disconnected
Request INCR
Client Connected /127.0.0.1:55713
Request INCR
Client Connected /127.0.0.1:55714
Client Disconnected
Client Connected /127.0.0.1:55715
Request INCR
Client Disconnected
Client Connected /127.0.0.1:55716
Client Disconnected
Request INCR
Request INCR
Client Disconnected
Request INCR
Client Disconnected
Client Disconnected
Client Disconnected
Request INCR
Request INCR
Request INCR
Client Connected /127.0.0.1:55717
Client Disconnected
Client Connected /127.0.0.1:55718
Request INCR
Client Disconnected
Client Disconnected
Request INCR
Request INCR
Client Connected /127.0.0.1:55719
Client Connected /127.0.0.1:55720
Client Connected /127.0.0.1:55721
Client Disconnected
Client Disconnected
Client Connected /127.0.0.1:55722
Request INCR
Request INCR
Client Connected /127.0.0.1:55723
Client Disconnected
Client Connected /127.0.0.1:55724
Client Disconnected
Request INCR
Client Connected /127.0.0.1:55726
Client Disconnected
Request INCR
Request INCR
Client Disconnected
Client Connected /127.0.0.1:55725
Request INCR
Client Connected /127.0.0.1:55727
Client Disconnected
Client Connected /127.0.0.1:55728
Request INCR
Client Disconnected
Client Disconnected
Request INCR
Client Connected /127.0.0.1:55730
Client Disconnected
Request INCR
Client Connected /127.0.0.1:55729
Request INCR
Client Connected /127.0.0.1:55731
Client Disconnected
Client Disconnected
Client Connected /127.0.0.1:55732
Request INCR
Request INCR
Client Disconnected
Client Connected /127.0.0.1:55733
Client Disconnected
Request INCR
Client Connected /127.0.0.1:55735
Request INCR
Client Disconnected
Request INCR
Client Connected /127.0.0.1:55734
Client Connected /127.0.0.1:55736
Client Disconnected
Client Connected /127.0.0.1:55737
Client Connected /127.0.0.1:55738
Client Disconnected
Request INCR
Client Disconnected
Request INCR
Request INCR
Client Disconnected
Client Connected /127.0.0.1:55740
Request INCR
Client Disconnected
Client Disconnected
Client Connected /127.0.0.1:55739
Request INCR
Request INCR
Client Disconnected
Client Connected /127.0.0.1:55741
Request INCR
Client Connected /127.0.0.1:55742
Client Disconnected
Client Connected /127.0.0.1:55743
Client Disconnected
Client Disconnected
Request INCR
Request INCR
Request INCR
Client Connected /127.0.0.1:55744
Client Disconnected
Client Connected /127.0.0.1:55745
Client Connected /127.0.0.1:55746
Client Disconnected
Request INCR
Client Disconnected
Request INCR
Request INCR
Client Connected /127.0.0.1:55747
Client Connected /127.0.0.1:55749
Client Disconnected
Client Connected /127.0.0.1:55748
Client Disconnected
Client Disconnected
Request INCR
Client Connected /127.0.0.1:55750
Request INCR
Request INCR
Client Connected /127.0.0.1:55751
Client Connected /127.0.0.1:55752
Client Connected /127.0.0.1:55753
Client Disconnected
Client Connected /127.0.0.1:55754
Client Disconnected
Client Connected /127.0.0.1:55755
Request INCR
Request INCR
Client Disconnected
Request INCR
Client Connected /127.0.0.1:55758
Client Disconnected
Client Connected /127.0.0.1:55756
Client Connected /127.0.0.1:55757
Request INCR
Client Disconnected
Client Disconnected
Client Connected /127.0.0.1:55759
Request INCR
Request INCR
Client Disconnected
Client Connected /127.0.0.1:55760
Request INCR
Client Disconnected
Client Disconnected
Request INCR
Request INCR
Client Disconnected
Client Connected /127.0.0.1:55761
Request INCR
Client Connected /127.0.0.1:55762
Client Connected /127.0.0.1:55763
Client Disconnected
Client Disconnected
Client Disconnected
Client Connected /127.0.0.1:55764
Request INCR
Client Connected /127.0.0.1:55765
Request INCR
Request INCR
Client Connected /127.0.0.1:55766
Client Connected /127.0.0.1:55767
Client Disconnected
Client Connected /127.0.0.1:55768
Client Disconnected
Request INCR
Request INCR
Client Disconnected
Client Connected /127.0.0.1:55769
Request INCR
Client Disconnected
Request INCR
Client Disconnected
Client Connected /127.0.0.1:55771
Request INCR
Client Connected /127.0.0.1:55770
Client Disconnected
Client Disconnected
Request INCR
Client Connected /127.0.0.1:55772
Request INCR
Client Disconnected
Client Connected /127.0.0.1:55773
Request INCR
Client Disconnected
Client Disconnected
Client Disconnected
Request INCR
Request INCR
Request INCR
Client Disconnected
Client Disconnected
Client Disconnected
Request INCR
Client Connected /127.0.0.1:55774
Request INCR
Request INCR
Client Connected /127.0.0.1:55775
Client Disconnected
Client Disconnected
Client Disconnected
Request INCR
Request INCR
Client Connected /127.0.0.1:55776
Request INCR
Client Connected /127.0.0.1:55777
Client Disconnected
Client Disconnected
Request INCR
Client Disconnected
Client Disconnected
Request INCR
Request INCR
Request INCR
Client Disconnected
Request INCR
Client Disconnected
Client Disconnected
Request INCR
Request INCR
Client Disconnected
Request INCR
Client Disconnected
Client Disconnected
Client Disconnected
Client Connected /127.0.0.1:55779
Client Disconnected
Request INCR
Client Connected /127.0.0.1:55778
Client Connected /127.0.0.1:55780
Request INCR
Client Disconnected
Client Connected /127.0.0.1:55781
Request INCR
Client Connected /127.0.0.1:55782
Request INCR
Client Disconnected
Client Disconnected
Client Connected /127.0.0.1:55783
Request INCR
Client Connected /127.0.0.1:55785
Request INCR
Client Disconnected
Client Connected /127.0.0.1:55784
Request INCR
Client Disconnected
Request INCR
Client Disconnected
Client Connected /127.0.0.1:55786
Client Connected /127.0.0.1:55787
Client Disconnected
Client Connected /127.0.0.1:55788
Request INCR
Client Disconnected
Client Connected /127.0.0.1:55789
Request INCR
Request INCR
Client Connected /127.0.0.1:55790
Request INCR
Client Disconnected
Client Connected /127.0.0.1:55791
Request INCR
Client Disconnected
Client Disconnected
Client Connected /127.0.0.1:55792
Request INCR
Client Disconnected
Client Disconnected
Request INCR
Client Disconnected
Client Disconnected
Client Connected /127.0.0.1:55793
Request GET
Client Disconnected
Mini Redis server stopped
]]></system-out>
  </testcase>
</testsuite>