<?xml version="1.0" encoding="UTF-8"?>
<testsuite xmlns:xsi="http://www.w3.org/2001/XMLSchema-instance" xsi:noNamespaceSchemaLocation="https://maven.apache.org/surefire/maven-surefire-plugin/xsd/surefire-test-report.xsd" version="3.0.2" name="com.miniredis.integration.MultiClientIntegrationTest" time="0.068" tests="1" errors="0" skipped="0" failures="0">
  <properties>
[...]
</properties>
  <testcase name="shouldHandleMultipleClients" classname="com.miniredis.integration.MultiClientIntegrationTest" time="0.063">
    <system-out><![CDATA[Mini Redis server started on : 6380
Client Connected /127.0.0.1:62418
Client Connected /127.0.0.1:62417
Client Connected /127.0.0.1:62419
Client Connected /127.0.0.1:62420
Client Connected /127.0.0.1:62421
Client Connected /127.0.0.1:62422
Client Connected /127.0.0.1:62423
Client Connected /127.0.0.1:62424
Client Connected /127.0.0.1:62426
Client Connected /127.0.0.1:62425
Request SET
Request SET
Request GET
Request GET
Request SET
Request SET
Client Disconnected
Request GET
Request GET
Client Disconnected
Client Disconnected
Request SET
Request SET
Request GET
Client Disconnected
Client Disconnected
Request SET
Request SET
Request GET
Request GET
Client Disconnected
Client Disconnected
Request SET
Request GET
Request GET
Client Disconnected
Client Disconnected
Request SET
Request GET
Client Disconnected
Mini Redis server stopped
]]></system-out>
  </testcase>
</testsuite>